Arguments: 
  /usr/local/bin/node /usr/local/Cellar/yarn/1.5.1_1/libexec/bin/yarn.js test

PATH: 
  /Users/jay.mahabal/anaconda/bin:/Users/jay.mahabal/.rvm/gems/ruby-2.4.1/bin:/Users/jay.mahabal/.rvm/gems/ruby-2.4.1@global/bin:/Users/jay.mahabal/.rvm/rubies/ruby-2.4.1/bin:/usr/local/bin:/usr/bin:/bin:/usr/sbin:/sbin:/Users/jay.mahabal/anaconda/bin:/Users/jay.mahabal/.rvm/gems/ruby-2.4.1/bin:/Users/jay.mahabal/.rvm/gems/ruby-2.4.1@global/bin:/Users/jay.mahabal/.rvm/rubies/ruby-2.4.1/bin:/Users/jay.mahabal/.rvm/bin:/Users/jay.mahabal/.rvm/bin

Yarn version: 
  1.5.1

Node version: 
  8.2.1

Platform: 
  darwin x64

npm manifest: 
  {
    "name": "name-letter-distribution",
    "version": "1.0.0",
    "description": "a react app that visualizes the letter distribution of your name",
    "scripts": {
      "start": "webpack-dev-server --mode development --open",
      "build": "webpack --mode production",
      "test": "jest"
    },
    "keywords": [
      "react",
      "redux"
    ],
    "author": "jmahabal@gmail.com",
    "license": "ISC",
    "dependencies": {
      "gsap": "^2.0.1",
      "lodash": "^4.17.10",
      "react": "^16.4.1",
      "react-dom": "^16.4.1",
      "react-redux": "^5.0.7",
      "redux": "^4.0.0"
    },
    "devDependencies": {
      "babel-core": "^6.26.3",
      "babel-loader": "^7.1.4",
      "babel-preset-env": "^1.7.0",
      "babel-preset-react": "^6.24.1",
      "css-loader": "^0.28.11",
      "extract-text-webpack-plugin": "^3.0.2",
      "html-webpack-plugin": "^3.2.0",
      "jest": "^23.1.0",
      "node-sass": "^4.9.0",
      "sass-loader": "^7.0.3",
      "style-loader": "^0.21.0",
      "webpack": "^4.12.0",
      "webpack-cli": "^3.0.8",
      "webpack-dev-server": "^3.1.4"
    }
  }

yarn manifest: 
  No manifest

Lockfile: 
  No lockfile

Trace: 
  Error: Command failed.
  Exit code: 1
  Command: sh
  Arguments: -c jest
  Directory: /Users/jay.mahabal/Documents/personal/name-letter-distribution
  Output:
  
      at ProcessTermError.MessageError (/usr/local/Cellar/yarn/1.5.1_1/libexec/lib/cli.js:186:110)
      at new ProcessTermError (/usr/local/Cellar/yarn/1.5.1_1/libexec/lib/cli.js:226:113)
      at ChildProcess.<anonymous> (/usr/local/Cellar/yarn/1.5.1_1/libexec/lib/cli.js:30281:17)
      at emitTwo (events.js:125:13)
      at ChildProcess.emit (events.js:213:7)
      at maybeClose (internal/child_process.js:921:16)
      at Process.ChildProcess._handle.onexit (internal/child_process.js:211:5)
